C:\1D\VS-PROJECTS\PROJECT3\PROJECT3\DEBUG\CIFA.OBJ
C:\1D\VS-PROJECTS\PROJECT3\PROJECT3\DEBUG\VC110.PDB
C:\1D\VS-PROJECTS\PROJECT3\DEBUG\PROJECT3.ILK
C:\1D\VS-PROJECTS\PROJECT3\DEBUG\PROJECT3.EXE
C:\1D\VS-PROJECTS\PROJECT3\DEBUG\PROJECT3.PDB
C:\1D\vs-projects\Project3\Project3\Debug\cifa.obj
C:\1D\vs-projects\Project3\Project3\Debug\cl.command.1.tlog
C:\1D\vs-projects\Project3\Project3\Debug\CL.read.1.tlog
C:\1D\vs-projects\Project3\Project3\Debug\CL.write.1.tlog
C:\1D\vs-projects\Project3\Project3\Debug\link-cvtres.read.1.tlog
C:\1D\vs-projects\Project3\Project3\Debug\link-cvtres.write.1.tlog
C:\1D\vs-projects\Project3\Project3\Debug\link-rc.read.1.tlog
C:\1D\vs-projects\Project3\Project3\Debug\link-rc.write.1.tlog
C:\1D\vs-projects\Project3\Project3\Debug\link.command.1.tlog
C:\1D\vs-projects\Project3\Project3\Debug\link.read.1.tlog
C:\1D\vs-projects\Project3\Project3\Debug\link.write.1.tlog
C:\1D\vs-projects\Project3\Project3\Debug\vc110.idb
C:\1D\vs-projects\Project3\Project3\Debug\vc110.pdb
C:\1D\vs-projects\Project3\Debug\Project3.pdb
C:\1D\vs-projects\Project3\Debug\Project3.exe
C:\1D\vs-projects\Project3\Debug\Project3.ilk
