生成启动时间为 2016/4/20 21:01:27。
     1>项目“C:\1D\vs-projects\Project3\Project3\Project3.vcxproj”在节点 2 上(Rebuild 个目标)。
     1>ClCompile:
         C:\1D\vs2012\VC\bin\CL.exe /c /ZI /nologo /W3 /WX- /Od /Oy- /D _MBCS /Gm /EHsc /RTC1 /MDd /GS /fp:precise /Zc:wchar_t /Zc:forScope /Fo"Debug\\" /Fd"Debug\vc110.pdb" /Gd /TP /analyze- /errorReport:prompt cifa.cpp
         cifa.cpp
     1>c:\1d\vs-projects\project3\project3\cifa.cpp(139): warning C4996: 'strcpy': This function or variable may be unsafe. Consider using strcpy_s instead. To disable deprecation, use _CRT_SECURE_NO_WARNINGS. See online help for details.
                 c:\1d\vs2012\vc\include\string.h(110) : 参见“strcpy”的声明
     1>c:\1d\vs-projects\project3\project3\cifa.cpp(149): warning C4244: “return”: 从“double”转换到“float”，可能丢失数据
     1>c:\1d\vs-projects\project3\project3\cifa.cpp(182): warning C4996: 'fopen': This function or variable may be unsafe. Consider using fopen_s instead. To disable deprecation, use _CRT_SECURE_NO_WARNINGS. See online help for details.
                 c:\1d\vs2012\vc\include\stdio.h(218) : 参见“fopen”的声明
     1>c:\1d\vs-projects\project3\project3\cifa.cpp(224): warning C4996: 'strcpy': This function or variable may be unsafe. Consider using strcpy_s instead. To disable deprecation, use _CRT_SECURE_NO_WARNINGS. See online help for details.
                 c:\1d\vs2012\vc\include\string.h(110) : 参见“strcpy”的声明
     1>c:\1d\vs-projects\project3\project3\cifa.cpp(398): warning C4996: 'strcpy': This function or variable may be unsafe. Consider using strcpy_s instead. To disable deprecation, use _CRT_SECURE_NO_WARNINGS. See online help for details.
                 c:\1d\vs2012\vc\include\string.h(110) : 参见“strcpy”的声明
       Link:
         C:\1D\vs2012\VC\bin\link.exe /ERRORREPORT:PROMPT /OUT:"C:\1D\vs-projects\Project3\Debug\Project3.exe" /INCREMENTAL /NOLOGO kernel32.lib user32.lib gdi32.lib winspool.lib comdlg32.lib advapi32.lib shell32.lib ole32.lib oleaut32.lib uuid.lib odbc32.lib odbccp32.lib /MANIFEST /MANIFESTUAC:"level='asInvoker' uiAccess='false'" /manifest:embed /DEBUG /PDB:"C:\1D\vs-projects\Project3\Debug\Project3.pdb" /TLBID:1 /DYNAMICBASE /NXCOMPAT /IMPLIB:"C:\1D\vs-projects\Project3\Debug\Project3.lib" /MACHINE:X86 Debug\cifa.obj
         Project3.vcxproj -> C:\1D\vs-projects\Project3\Debug\Project3.exe
     1>已完成生成项目“C:\1D\vs-projects\Project3\Project3\Project3.vcxproj”(Rebuild 个目标)的操作。

生成成功。

已用时间 00:00:00.84
